OPTIMIZE_CONTREN:
- ControlPoint=(-1.98013, 1.3994, 0.945101), (p,v)=(0, 0, 0), (0, 0, 0)
- ControlPoint=(-1.97893, 1.3991, 0.945101), (p,v)=(0, 0, 0), (0, 0, 0)
- ControlPoint=(-1.97084, 1.3971, 0.945101), (p,v)=(0, 0, 0), (0, 0, 0)
- ControlPoint=(-1.94977, 1.39188, 0.9451), (p,v)=(0, 0, 0), (0, 0, 0)
- ControlPoint=(-1.91046, 1.38214, 0.9451), (p,v)=(0, 0, 0), (0, 0, 0)
- ControlPoint=(-1.84844, 1.36677, 0.945099), (p,v)=(0, 0, 0), (0, 0, 0)
- ControlPoint=(-1.76002, 1.34486, 0.945097), (p,v)=(0, 0, 0), (0, 0, 0)
- ControlPoint=(-1.64223, 1.31567, 0.945096), (p,v)=(0, 0, 0), (0, 0, 0)
- ControlPoint=(-1.49276, 1.27864, 0.945093), (p,v)=(0, 0, 0), (0, 0, 0)
- ControlPoint=(-1.30999, 1.23335, 0.94509), (p,v)=(0, 0, 0), (0, 0, 0)
- ControlPoint=(-1.1691, 1.19844, 0.945088), (p,v)=(0, 0, 0), (0, 0, 0)
- ControlPoint=(-1.01278, 1.1597, 0.945086), (p,v)=(0, 0, 0), (0, 0, 0)
- ControlPoint=(-0.840978, 1.11713, 0.945083), (p,v)=(0, 0, 0), (0, 0, 0)
- ControlPoint=(-0.653735, 1.07073, 0.94508), (p,v)=(0, 0, 0), (0, 0, 0)
- ControlPoint=(-0.5204, 1.03769, 0.945078), (p,v)=(0, 0, 0), (0, 0, 0)
- ControlPoint=(-0.380338, 1.00299, 0.945076), (p,v)=(0, 0, 0), (0, 0, 0)
- ControlPoint=(-0.233633, 0.966637, 0.945073), (p,v)=(0, 0, 0), (0, 0, 0)
- ControlPoint=(-0.0803883, 0.928664, 0.945071), (p,v)=(0, 0, 0), (0, 0, 0)
- ControlPoint=(0.079276, 0.889101, 0.945068), (p,v)=(0, 0, 0), (0, 0, 0)
- ControlPoint=(0.245225, 0.847981, 0.945066), (p,v)=(0, 0, 0), (0, 0, 0)
- ControlPoint=(0.417307, 0.805341, 0.945063), (p,v)=(0, 0, 0), (0, 0, 0)
- ControlPoint=(0.595357, 0.761222, 0.94506), (p,v)=(0, 0, 0), (0, 0, 0)
- ControlPoint=(0.779196, 0.715669, 0.945057), (p,v)=(0, 0, 0), (0, 0, 0)
- ControlPoint=(0.96863, 0.668729, 0.945054), (p,v)=(0, 0, 0), (0, 0, 0)
- ControlPoint=(1.09793, 0.63669, 0.945052), (p,v)=(0, 0, 0), (0, 0, 0)
- ControlPoint=(1.22956, 0.604074, 0.94505), (p,v)=(6.95309e-310, 1.30398e-17, 6.95309e-310), (-0.738791, -0.362964, -0.567843)
- ControlPoint=(1.36345, 0.570896, 0.945048), (p,v)=(6.95309e-310, 1.30398e-17, 6.95309e-310), (-0.777146, -0.325402, -0.538663)
- ControlPoint=(1.49954, 0.537174, 0.945046), (p,v)=(6.95309e-310, 1.30398e-17, 6.95309e-310), (-0.809642, -0.290035, -0.510255)
- ControlPoint=(1.63776, 0.502926, 0.945043), (p,v)=(6.95309e-310, 1.30398e-17, 6.95309e-310), (-0.837042, -0.25704, -0.483002)
- ControlPoint=(1.77803, 0.468168, 0.945041), (p,v)=(6.95309e-310, 1.30398e-17, 6.95309e-310), (-0.860079, -0.226465, -0.457141)
- ControlPoint=(1.92028, 0.43292, 0.945039), (p,v)=(6.95309e-310, 1.30398e-17, 6.95309e-310), (-0.879421, -0.198262, -0.432794)
- ControlPoint=(2.06443, 0.3972, 0.945037), (p,v)=(6.95309e-310, 1.30398e-17, 6.95309e-310), (-0.895656, -0.172325, -0.410005)
- ControlPoint=(2.21041, 0.361028, 0.945034), (p,v)=(6.95309e-310, 1.30398e-17, 6.95309e-310), (-0.909292, -0.148515, -0.388756)
- ControlPoint=(2.35813, 0.324425, 0.945032), (p,v)=(6.95309e-310, 1.30398e-17, 6.95309e-310), (-0.920757, -0.126675, -0.368997)
- ControlPoint=(2.50752, 0.287409, 0.94503), (p,v)=(6.95309e-310, 1.30398e-17, 6.95309e-310), (-0.930414, -0.106643, -0.350653)
- ControlPoint=(2.65848, 0.250002, 0.945027), (p,v)=(0, 0, 0), (0, 0, 0)
- ControlPoint=(2.81094, 0.212224, 0.945025), (p,v)=(0, 0, 0), (0, 0, 0)
- ControlPoint=(2.96481, 0.174097, 0.945022), (p,v)=(0, 0, 0), (0, 0, 0)
- ControlPoint=(3.12, 0.135643, 0.94502), (p,v)=(0, 0, 0), (0, 0, 0)
- ControlPoint=(3.27642, 0.0968837, 0.945017), (p,v)=(0, 0, 0), (0, 0, 0)
- ControlPoint=(3.43398, 0.0578408, 0.945015), (p,v)=(0, 0, 0), (0, 0, 0)
- ControlPoint=(3.5926, 0.018537, 0.945012), (p,v)=(6.95309e-310, 1.30398e-17, 6.95309e-310), (-0.96709, -0.00498998, -0.254387)
- ControlPoint=(3.75218, -0.0210048, 0.94501), (p,v)=(6.95309e-310, 1.30398e-17, 6.95309e-310), (-0.969703, 0.00542844, -0.244226)
- ControlPoint=(3.91263, -0.060762, 0.945007), (p,v)=(6.95309e-310, 1.30398e-17, 6.95309e-310), (-0.971939, 0.0150939, -0.23475)
- ControlPoint=(4.07385, -0.100711, 0.945005), (p,v)=(0, 0, 0), (0, 0, 0)
- ControlPoint=(4.23575, -0.140829, 0.945002), (p,v)=(0, 0, 0), (0, 0, 0)
- ControlPoint=(4.39824, -0.181093, 0.945), (p,v)=(0, 0, 0), (0, 0, 0)
- ControlPoint=(4.56123, -0.221479, 0.944997), (p,v)=(0, 0, 0), (0, 0, 0)
- ControlPoint=(4.72461, -0.261962, 0.944994), (p,v)=(0, 0, 0), (0, 0, 0)
- ControlPoint=(4.88829, -0.302521, 0.944992), (p,v)=(0, 0, 0), (0, 0, 0)
- ControlPoint=(5.05217, -0.343129, 0.944989), (p,v)=(0, 0, 0), (0, 0, 0)
- ControlPoint=(5.21616, -0.383765, 0.944987), (p,v)=(0, 0, 0), (0, 0, 0)
- ControlPoint=(5.38017, -0.424404, 0.944984), (p,v)=(0, 0, 0), (0, 0, 0)
- ControlPoint=(5.54409, -0.465022, 0.944981), (p,v)=(0, 0, 0), (0, 0, 0)
- ControlPoint=(5.70783, -0.505595, 0.944979), (p,v)=(0, 0, 0), (0, 0, 0)
- ControlPoint=(5.87129, -0.546099, 0.944976), (p,v)=(0, 0, 0), (0, 0, 0)
- ControlPoint=(6.03438, -0.586511, 0.944974), (p,v)=(0, 0, 0), (0, 0, 0)
- ControlPoint=(6.19701, -0.626807, 0.944971), (p,v)=(0, 0, 0), (0, 0, 0)
- ControlPoint=(6.35906, -0.666964, 0.944968), (p,v)=(0, 0, 0), (0, 0, 0)
- ControlPoint=(6.52046, -0.706957, 0.944966), (p,v)=(0, 0, 0), (0, 0, 0)
- ControlPoint=(6.68111, -0.746764, 0.944963), (p,v)=(0, 0, 0), (0, 0, 0)
- ControlPoint=(6.84091, -0.786361, 0.944961), (p,v)=(0, 0, 0), (0, 0, 0)
- ControlPoint=(6.99978, -0.825726, 0.944958), (p,v)=(0, 0, 0), (0, 0, 0)
- ControlPoint=(7.15761, -0.864835, 0.944956), (p,v)=(0, 0, 0), (0, 0, 0)
- ControlPoint=(7.31433, -0.903667, 0.944953), (p,v)=(0, 0, 0), (0, 0, 0)
- ControlPoint=(7.46983, -0.942199, 0.944951), (p,v)=(0, 0, 0), (0, 0, 0)
- ControlPoint=(7.62403, -0.980409, 0.944948), (p,v)=(0, 0, 0), (0, 0, 0)
- ControlPoint=(7.77684, -1.01827, 0.944946), (p,v)=(0, 0, 0), (0, 0, 0)
- ControlPoint=(7.92819, -1.05578, 0.944944), (p,v)=(0, 0, 0), (0, 0, 0)
- ControlPoint=(8.07797, -1.09289, 0.944941), (p,v)=(0, 0, 0), (0, 0, 0)
- ControlPoint=(8.22611, -1.1296, 0.944939), (p,v)=(0, 0, 0), (0, 0, 0)
- ControlPoint=(8.37253, -1.16588, 0.944936), (p,v)=(0, 0, 0), (0, 0, 0)
- ControlPoint=(8.51714, -1.20171, 0.944934), (p,v)=(0, 0, 0), (0, 0, 0)
- ControlPoint=(8.65987, -1.23708, 0.944932), (p,v)=(0, 0, 0), (0, 0, 0)
- ControlPoint=(8.80064, -1.27196, 0.94493), (p,v)=(0, 0, 0), (0, 0, 0)
- ControlPoint=(8.93937, -1.30634, 0.944927), (p,v)=(0, 0, 0), (0, 0, 0)
- ControlPoint=(9.07599, -1.34019, 0.944925), (p,v)=(0, 0, 0), (0, 0, 0)
- ControlPoint=(9.21044, -1.3735, 0.944923), (p,v)=(0, 0, 0), (0, 0, 0)
- ControlPoint=(9.34263, -1.40626, 0.944921), (p,v)=(0, 0, 0), (0, 0, 0)
- ControlPoint=(9.47251, -1.43844, 0.944919), (p,v)=(0, 0, 0), (0, 0, 0)
- ControlPoint=(9.60002, -1.47004, 0.944917), (p,v)=(0, 0, 0), (0, 0, 0)
- ControlPoint=(9.72507, -1.50102, 0.944915), (p,v)=(0, 0, 0), (0, 0, 0)
- ControlPoint=(9.84763, -1.53139, 0.944913), (p,v)=(0, 0, 0), (0, 0, 0)
- ControlPoint=(9.96763, -1.56113, 0.944911), (p,v)=(0, 0, 0), (0, 0, 0)
- ControlPoint=(10.085, -1.59021, 0.944909), (p,v)=(0, 0, 0), (0, 0, 0)
- ControlPoint=(10.1997, -1.61864, 0.944907), (p,v)=(0, 0, 0), (0, 0, 0)
- ControlPoint=(10.3117, -1.64639, 0.944906), (p,v)=(0, 0, 0), (0, 0, 0)
- ControlPoint=(10.421, -1.67346, 0.944904), (p,v)=(0, 0, 0), (0, 0, 0)
- ControlPoint=(10.5274, -1.69984, 0.944902), (p,v)=(0, 0, 0), (0, 0, 0)
- ControlPoint=(10.631, -1.7255, 0.944901), (p,v)=(0, 0, 0), (0, 0, 0)
- ControlPoint=(10.7317, -1.75046, 0.944899), (p,v)=(0, 0, 0), (0, 0, 0)
- ControlPoint=(10.8295, -1.77469, 0.944897), (p,v)=(0, 0, 0), (0, 0, 0)
- ControlPoint=(10.9244, -1.7982, 0.944896), (p,v)=(0, 0, 0), (0, 0, 0)
- ControlPoint=(11.0162, -1.82096, 0.944894), (p,v)=(0, 0, 0), (0, 0, 0)
- ControlPoint=(11.1051, -1.84299, 0.944893), (p,v)=(0, 0, 0), (0, 0, 0)
- ControlPoint=(11.191, -1.86427, 0.944892), (p,v)=(0, 0, 0), (0, 0, 0)
- ControlPoint=(11.2738, -1.88479, 0.94489), (p,v)=(0, 0, 0), (0, 0, 0)
- ControlPoint=(11.3536, -1.90456, 0.944889), (p,v)=(0, 0, 0), (0, 0, 0)
- ControlPoint=(11.4304, -1.92358, 0.944888), (p,v)=(0, 0, 0), (0, 0, 0)
- ControlPoint=(11.504, -1.94183, 0.944887), (p,v)=(0, 0, 0), (0, 0, 0)
- ControlPoint=(11.5746, -1.95933, 0.944886), (p,v)=(0, 0, 0), (0, 0, 0)
- ControlPoint=(11.6422, -1.97607, 0.944885), (p,v)=(0, 0, 0), (0, 0, 0)
- ControlPoint=(11.7067, -1.99205, 0.944884), (p,v)=(0, 0, 0), (0, 0, 0)
- ControlPoint=(11.7682, -2.00728, 0.944883), (p,v)=(0, 0, 0), (0, 0, 0)
- ControlPoint=(11.8266, -2.02177, 0.944882), (p,v)=(0, 0, 0), (0, 0, 0)
- ControlPoint=(11.8821, -2.0355, 0.944881), (p,v)=(0, 0, 0), (0, 0, 0)
- ControlPoint=(11.9345, -2.0485, 0.94488), (p,v)=(0, 0, 0), (0, 0, 0)
- ControlPoint=(11.984, -2.06077, 0.944879), (p,v)=(0, 0, 0), (0, 0, 0)
- ControlPoint=(12.0306, -2.07232, 0.944878), (p,v)=(0, 0, 0), (0, 0, 0)
- ControlPoint=(12.0744, -2.08316, 0.944878), (p,v)=(0, 0, 0), (0, 0, 0)
- ControlPoint=(12.1153, -2.09329, 0.944877), (p,v)=(0, 0, 0), (0, 0, 0)
- ControlPoint=(12.1534, -2.10273, 0.944876), (p,v)=(0, 0, 0), (0, 0, 0)
- ControlPoint=(12.1887, -2.1115, 0.944876), (p,v)=(0, 0, 0), (0, 0, 0)
- ControlPoint=(12.2214, -2.1196, 0.944875), (p,v)=(0, 0, 0), (0, 0, 0)
- ControlPoint=(12.2515, -2.12706, 0.944875), (p,v)=(0, 0, 0), (0, 0, 0)
- ControlPoint=(12.2791, -2.13388, 0.944874), (p,v)=(0, 0, 0), (0, 0, 0)
- ControlPoint=(12.3042, -2.1401, 0.944874), (p,v)=(0, 0, 0), (0, 0, 0)
- ControlPoint=(12.3269, -2.14573, 0.944874), (p,v)=(0, 0, 0), (0, 0, 0)
- ControlPoint=(12.3473, -2.15078, 0.944873), (p,v)=(0, 0, 0), (0, 0, 0)
- ControlPoint=(12.3655, -2.15529, 0.944873), (p,v)=(0, 0, 0), (0, 0, 0)
- ControlPoint=(12.3816, -2.15928, 0.944873), (p,v)=(0, 0, 0), (0, 0, 0)
- ControlPoint=(12.3956, -2.16276, 0.944873), (p,v)=(0, 0, 0), (0, 0, 0)
- ControlPoint=(12.4078, -2.16578, 0.944872), (p,v)=(0, 0, 0), (0, 0, 0)
- ControlPoint=(12.4182, -2.16835, 0.944872), (p,v)=(0, 0, 0), (0, 0, 0)
- ControlPoint=(12.4269, -2.1705, 0.944872), (p,v)=(0, 0, 0), (0, 0, 0)
- ControlPoint=(12.434, -2.17228, 0.944872), (p,v)=(0, 0, 0), (0, 0, 0)
- ControlPoint=(12.4398, -2.17371, 0.944872), (p,v)=(0, 0, 0), (0, 0, 0)
- ControlPoint=(12.4443, -2.17482, 0.944872), (p,v)=(0, 0, 0), (0, 0, 0)
- ControlPoint=(12.4476, -2.17565, 0.944872), (p,v)=(0, 0, 0), (0, 0, 0)
- ControlPoint=(12.45, -2.17624, 0.944872), (p,v)=(0, 0, 0), (0, 0, 0)
- ControlPoint=(12.4516, -2.17663, 0.944872), (p,v)=(0, 0, 0), (0, 0, 0)
- ControlPoint=(12.4525, -2.17685, 0.944872), (p,v)=(0, 0, 0), (0, 0, 0)
- ControlPoint=(12.4529, -2.17696, 0.944872), (p,v)=(0, 0, 0), (0, 0, 0)
- ControlPoint=(12.4531, -2.17699, 0.944872), (p,v)=(0, 0, 0), (0, 0, 0)
- ControlPoint=(12.4531, -2.17699, 0.944872), (p,v)=(0, 0, 0), (0, 0, 0)

CONTROL_POINTS BEFORE OPTIMIZE:
q = (-1.98013, 1.3994, 0.945101)
q = (-1.97893, 1.3991, 0.945101)
q = (-1.97084, 1.3971, 0.945101)
q = (-1.94977, 1.39188, 0.9451)
q = (-1.91046, 1.38214, 0.9451)
q = (-1.84844, 1.36677, 0.945099)
q = (-1.76002, 1.34486, 0.945097)
q = (-1.64223, 1.31567, 0.945096)
q = (-1.49276, 1.27864, 0.945093)
q = (-1.30999, 1.23335, 0.94509)
q = (-1.1691, 1.19844, 0.945088)
q = (-1.01278, 1.1597, 0.945086)
q = (-0.840978, 1.11713, 0.945083)
q = (-0.653735, 1.07073, 0.94508)
q = (-0.5204, 1.03769, 0.945078)
q = (-0.380338, 1.00299, 0.945076)
q = (-0.233633, 0.966637, 0.945073)
q = (-0.0803883, 0.928664, 0.945071)
q = (0.079276, 0.889101, 0.945068)
q = (0.245225, 0.847981, 0.945066)
q = (0.417307, 0.805341, 0.945063)
q = (0.595357, 0.761222, 0.94506)
q = (0.779196, 0.715669, 0.945057)
q = (0.96863, 0.668729, 0.945054)
q = (1.09793, 0.63669, 0.945052)
q = (1.22956, 0.604074, 0.94505)
q = (1.36345, 0.570896, 0.945048)
q = (1.49954, 0.537174, 0.945046)
q = (1.63776, 0.502926, 0.945043)
q = (1.77803, 0.468168, 0.945041)
q = (1.92028, 0.43292, 0.945039)
q = (2.06443, 0.3972, 0.945037)
q = (2.21041, 0.361028, 0.945034)
q = (2.35813, 0.324425, 0.945032)
q = (2.50752, 0.287409, 0.94503)
q = (2.65848, 0.250002, 0.945027)
q = (2.81094, 0.212224, 0.945025)
q = (2.96481, 0.174097, 0.945022)
q = (3.12, 0.135643, 0.94502)
q = (3.27642, 0.0968837, 0.945017)
q = (3.43398, 0.0578408, 0.945015)
q = (3.5926, 0.018537, 0.945012)
q = (3.75218, -0.0210048, 0.94501)
q = (3.91263, -0.060762, 0.945007)
q = (4.07385, -0.100711, 0.945005)
q = (4.23575, -0.140829, 0.945002)
q = (4.39824, -0.181093, 0.945)
q = (4.56123, -0.221479, 0.944997)
q = (4.72461, -0.261962, 0.944994)
q = (4.88829, -0.302521, 0.944992)
q = (5.05217, -0.343129, 0.944989)
q = (5.21616, -0.383765, 0.944987)
q = (5.38017, -0.424404, 0.944984)
q = (5.54409, -0.465022, 0.944981)
q = (5.70783, -0.505595, 0.944979)
q = (5.87129, -0.546099, 0.944976)
q = (6.03438, -0.586511, 0.944974)
q = (6.19701, -0.626807, 0.944971)
q = (6.35906, -0.666964, 0.944968)
q = (6.52046, -0.706957, 0.944966)
q = (6.68111, -0.746764, 0.944963)
q = (6.84091, -0.786361, 0.944961)
q = (6.99978, -0.825726, 0.944958)
q = (7.15761, -0.864835, 0.944956)
q = (7.31433, -0.903667, 0.944953)
q = (7.46983, -0.942199, 0.944951)
q = (7.62403, -0.980409, 0.944948)
q = (7.77684, -1.01827, 0.944946)
q = (7.92819, -1.05578, 0.944944)
q = (8.07797, -1.09289, 0.944941)
q = (8.22611, -1.1296, 0.944939)
q = (8.37253, -1.16588, 0.944936)
q = (8.51714, -1.20171, 0.944934)
q = (8.65987, -1.23708, 0.944932)
q = (8.80064, -1.27196, 0.94493)
q = (8.93937, -1.30634, 0.944927)
q = (9.07599, -1.34019, 0.944925)
q = (9.21044, -1.3735, 0.944923)
q = (9.34263, -1.40626, 0.944921)
q = (9.47251, -1.43844, 0.944919)
q = (9.60002, -1.47004, 0.944917)
q = (9.72507, -1.50102, 0.944915)
q = (9.84763, -1.53139, 0.944913)
q = (9.96763, -1.56113, 0.944911)
q = (10.085, -1.59021, 0.944909)
q = (10.1997, -1.61864, 0.944907)
q = (10.3117, -1.64639, 0.944906)
q = (10.421, -1.67346, 0.944904)
q = (10.5274, -1.69984, 0.944902)
q = (10.631, -1.7255, 0.944901)
q = (10.7317, -1.75046, 0.944899)
q = (10.8295, -1.77469, 0.944897)
q = (10.9244, -1.7982, 0.944896)
q = (11.0162, -1.82096, 0.944894)
q = (11.1051, -1.84299, 0.944893)
q = (11.191, -1.86427, 0.944892)
q = (11.2738, -1.88479, 0.94489)
q = (11.3536, -1.90456, 0.944889)
q = (11.4304, -1.92358, 0.944888)
q = (11.504, -1.94183, 0.944887)
q = (11.5746, -1.95933, 0.944886)
q = (11.6422, -1.97607, 0.944885)
q = (11.7067, -1.99205, 0.944884)
q = (11.7682, -2.00728, 0.944883)
q = (11.8266, -2.02177, 0.944882)
q = (11.8821, -2.0355, 0.944881)
q = (11.9345, -2.0485, 0.94488)
q = (11.984, -2.06077, 0.944879)
q = (12.0306, -2.07232, 0.944878)
q = (12.0744, -2.08316, 0.944878)
q = (12.1153, -2.09329, 0.944877)
q = (12.1534, -2.10273, 0.944876)
q = (12.1887, -2.1115, 0.944876)
q = (12.2214, -2.1196, 0.944875)
q = (12.2515, -2.12706, 0.944875)
q = (12.2791, -2.13388, 0.944874)
q = (12.3042, -2.1401, 0.944874)
q = (12.3269, -2.14573, 0.944874)
q = (12.3473, -2.15078, 0.944873)
q = (12.3655, -2.15529, 0.944873)
q = (12.3816, -2.15928, 0.944873)
q = (12.3956, -2.16276, 0.944873)
q = (12.4078, -2.16578, 0.944872)
q = (12.4182, -2.16835, 0.944872)
q = (12.4269, -2.1705, 0.944872)
q = (12.434, -2.17228, 0.944872)
q = (12.4398, -2.17371, 0.944872)
q = (12.4443, -2.17482, 0.944872)
q = (12.4476, -2.17565, 0.944872)
q = (12.45, -2.17624, 0.944872)
q = (12.4516, -2.17663, 0.944872)
q = (12.4525, -2.17685, 0.944872)
q = (12.4529, -2.17696, 0.944872)
q = (12.4531, -2.17699, 0.944872)
q = (12.4531, -2.17699, 0.944872)

CONTROL_POINTS AFTER OPTIMIZE:
q = (-1.98013, 1.3994, 0.945101)
q = (-1.97855, 1.39901, 0.945101)
q = (-1.9705, 1.39701, 0.945101)
q = (-1.95084, 1.39214, 0.9451)
q = (-1.91195, 1.38251, 0.9451)
q = (-1.85123, 1.36746, 0.945099)
q = (-1.75646, 1.34398, 0.945097)
q = (-1.63403, 1.31364, 0.945095)
q = (-1.48871, 1.27763, 0.945093)
q = (-1.33305, 1.23906, 0.945091)
q = (-1.16602, 1.19767, 0.945088)
q = (-0.997524, 1.15592, 0.945085)
q = (-0.833708, 1.11533, 0.945083)
q = (-0.674661, 1.07592, 0.94508)
q = (-0.521109, 1.03787, 0.945078)
q = (-0.373335, 1.00125, 0.945075)
q = (-0.228239, 0.9653, 0.945073)
q = (-0.0827654, 0.929253, 0.945071)
q = (0.0752817, 0.890091, 0.945068)
q = (0.242609, 0.848629, 0.945066)
q = (0.420791, 0.804478, 0.945063)
q = (0.603766, 0.759138, 0.94506)
q = (0.78122, 0.715167, 0.945057)
q = (0.95007, 0.673328, 0.945054)
q = (1.10008, 0.636157, 0.945052)
q = (1.23718, 0.602185, 0.94505)
q = (1.36637, 0.570173, 0.945048)
q = (1.49697, 0.537812, 0.945046)
q = (1.6364, 0.503261, 0.945043)
q = (1.77742, 0.46832, 0.945041)
q = (1.9214, 0.432642, 0.945039)
q = (2.0649, 0.397084, 0.945037)
q = (2.20919, 0.361331, 0.945034)
q = (2.359, 0.324211, 0.945032)
q = (2.50716, 0.287497, 0.94503)
q = (2.65858, 0.249977, 0.945027)
q = (2.81092, 0.212229, 0.945025)
q = (2.96481, 0.174097, 0.945022)
q = (3.12, 0.135643, 0.94502)
q = (3.27642, 0.0968837, 0.945017)
q = (3.43398, 0.0578408, 0.945015)
q = (3.5926, 0.018537, 0.945012)
q = (3.75218, -0.0210048, 0.94501)
q = (3.91263, -0.060762, 0.945007)
q = (4.07385, -0.100711, 0.945005)
q = (4.23575, -0.140829, 0.945002)
q = (4.39824, -0.181093, 0.945)
q = (4.56123, -0.221479, 0.944997)
q = (4.72461, -0.261962, 0.944994)
q = (4.88829, -0.302521, 0.944992)
q = (5.05217, -0.343129, 0.944989)
q = (5.21616, -0.383765, 0.944987)
q = (5.38017, -0.424404, 0.944984)
q = (5.54409, -0.465022, 0.944981)
q = (5.70783, -0.505595, 0.944979)
q = (5.87129, -0.546099, 0.944976)
q = (6.03438, -0.586511, 0.944974)
q = (6.19701, -0.626807, 0.944971)
q = (6.35906, -0.666964, 0.944968)
q = (6.52046, -0.706957, 0.944966)
q = (6.68111, -0.746764, 0.944963)
q = (6.84091, -0.786361, 0.944961)
q = (6.99978, -0.825726, 0.944958)
q = (7.15761, -0.864835, 0.944956)
q = (7.31433, -0.903667, 0.944953)
q = (7.46983, -0.942199, 0.944951)
q = (7.62403, -0.980409, 0.944948)
q = (7.77684, -1.01827, 0.944946)
q = (7.92819, -1.05578, 0.944944)
q = (8.07797, -1.09289, 0.944941)
q = (8.22611, -1.1296, 0.944939)
q = (8.37253, -1.16588, 0.944936)
q = (8.51714, -1.20171, 0.944934)
q = (8.65987, -1.23708, 0.944932)
q = (8.80064, -1.27196, 0.94493)
q = (8.93937, -1.30634, 0.944927)
q = (9.07599, -1.34019, 0.944925)
q = (9.21044, -1.3735, 0.944923)
q = (9.34263, -1.40626, 0.944921)
q = (9.47251, -1.43844, 0.944919)
q = (9.60002, -1.47004, 0.944917)
q = (9.72507, -1.50102, 0.944915)
q = (9.84763, -1.53139, 0.944913)
q = (9.96763, -1.56113, 0.944911)
q = (10.085, -1.59021, 0.944909)
q = (10.1997, -1.61864, 0.944907)
q = (10.3117, -1.64639, 0.944906)
q = (10.421, -1.67346, 0.944904)
q = (10.5274, -1.69984, 0.944902)
q = (10.631, -1.7255, 0.944901)
q = (10.7317, -1.75046, 0.944899)
q = (10.8295, -1.77469, 0.944897)
q = (10.9244, -1.7982, 0.944896)
q = (11.0162, -1.82096, 0.944894)
q = (11.1051, -1.84299, 0.944893)
q = (11.191, -1.86427, 0.944892)
q = (11.2738, -1.88479, 0.94489)
q = (11.3536, -1.90456, 0.944889)
q = (11.4304, -1.92358, 0.944888)
q = (11.504, -1.94183, 0.944887)
q = (11.5746, -1.95933, 0.944886)
q = (11.6422, -1.97607, 0.944885)
q = (11.7067, -1.99205, 0.944884)
q = (11.7682, -2.00728, 0.944883)
q = (11.8266, -2.02177, 0.944882)
q = (11.8821, -2.0355, 0.944881)
q = (11.9345, -2.0485, 0.94488)
q = (11.984, -2.06077, 0.944879)
q = (12.0306, -2.07232, 0.944878)
q = (12.0744, -2.08316, 0.944878)
q = (12.1153, -2.09329, 0.944877)
q = (12.1534, -2.10273, 0.944876)
q = (12.1887, -2.1115, 0.944876)
q = (12.2214, -2.1196, 0.944875)
q = (12.2515, -2.12706, 0.944875)
q = (12.2791, -2.13388, 0.944874)
q = (12.3042, -2.1401, 0.944874)
q = (12.3269, -2.14573, 0.944874)
q = (12.3473, -2.15078, 0.944873)
q = (12.3655, -2.15529, 0.944873)
q = (12.3816, -2.15927, 0.944873)
q = (12.3956, -2.16276, 0.944873)
q = (12.4078, -2.16578, 0.944872)
q = (12.4182, -2.16835, 0.944872)
q = (12.4269, -2.1705, 0.944872)
q = (12.434, -2.17228, 0.944872)
q = (12.4398, -2.17371, 0.944872)
q = (12.4443, -2.17482, 0.944872)
q = (12.4476, -2.17565, 0.944872)
q = (12.45, -2.17623, 0.944872)
q = (12.4516, -2.17662, 0.944872)
q = (12.4525, -2.17686, 0.944872)
q = (12.453, -2.17697, 0.944872)
q = (12.453, -2.17698, 0.944872)
q = (12.4531, -2.17699, 0.944872)